Flow report for TagMemory
Sat Mar 19 14:44:01 2016
Quartus II 64-Bit Version 14.0.2 Build 209 09/17/2014 SJ Full Version


---------------------
; Table of Contents ;
---------------------
  1. Legal Notice
  2. Flow Summary
  3. Flow Settings
  4. Flow Non-Default Global Settings
  5. Flow Elapsed Time
  6. Flow OS Summary
  7. Flow Log
  8. Flow Messages
  9. Flow Suppressed Messages



----------------
; Legal Notice ;
----------------
Copyright (C) 1991-2014 Altera Corporation. All rights reserved.
Your use of Altera Corporation's design tools, logic functions 
and other software and tools, and its AMPP partner logic 
functions, and any output files from any of the foregoing 
(including device programming or simulation files), and any 
associated documentation or information are expressly subject 
to the terms and conditions of the Altera Program License 
Subscription Agreement, the Altera Quartus II License Agreement,
the Altera MegaCore Function License Agreement, or other 
applicable license agreement, including, without limitation, 
that your use is for the sole purpose of programming logic 
devices manufactured by Altera and sold by Altera or its 
authorized distributors.  Please refer to the applicable 
agreement for further details.



+----------------------------------------------------------------------------------+
; Flow Summary                                                                     ;
+------------------------------------+---------------------------------------------+
; Flow Status                        ; Successful - Sat Mar 19 14:44:01 2016       ;
; Quartus II 64-Bit Version          ; 14.0.2 Build 209 09/17/2014 SJ Full Version ;
; Revision Name                      ; TagMemory                                   ;
; Top-level Entity Name              ; TagMemory                                   ;
; Family                             ; Cyclone IV E                                ;
; Device                             ; EP4CE115F29C7                               ;
; Timing Models                      ; Final                                       ;
; Total logic elements               ; 76 / 114,480 ( < 1 % )                      ;
;     Total combinational functions  ; 48 / 114,480 ( < 1 % )                      ;
;     Dedicated logic registers      ; 57 / 114,480 ( < 1 % )                      ;
; Total registers                    ; 57                                          ;
; Total pins                         ; 16 / 529 ( 3 % )                            ;
; Total virtual pins                 ; 0                                           ;
; Total memory bits                  ; 0 / 3,981,312 ( 0 % )                       ;
; Embedded Multiplier 9-bit elements ; 0 / 532 ( 0 % )                             ;
; Total PLLs                         ; 0 / 4 ( 0 % )                               ;
+------------------------------------+---------------------------------------------+


+-----------------------------------------+
; Flow Settings                           ;
+-------------------+---------------------+
; Option            ; Setting             ;
+-------------------+---------------------+
; Start date & time ; 03/19/2016 14:30:56 ;
; Main task         ; Compilation         ;
; Revision Name     ; TagMemory           ;
+-------------------+---------------------+


+----------------------------------------------------------------------------------------------------------------------+
; Flow Non-Default Global Settings                                                                                     ;
+-------------------------------------+---------------------------------+---------------+-------------+----------------+
; Assignment Name                     ; Value                           ; Default Value ; Entity Name ; Section Id     ;
+-------------------------------------+---------------------------------+---------------+-------------+----------------+
; COMPILER_SIGNATURE_ID               ; 203178706079675.145840865602676 ; --            ; --          ; --             ;
; EDA_OUTPUT_DATA_FORMAT              ; Vhdl                            ; --            ; --          ; eda_simulation ;
; EDA_SIMULATION_TOOL                 ; ModelSim-Altera (VHDL)          ; <None>        ; --          ; --             ;
; MAX_CORE_JUNCTION_TEMP              ; 85                              ; --            ; --          ; --             ;
; MIN_CORE_JUNCTION_TEMP              ; 0                               ; --            ; --          ; --             ;
; NOMINAL_CORE_SUPPLY_VOLTAGE         ; 1.2V                            ; --            ; --          ; --             ;
; PARTITION_COLOR                     ; 16764057                        ; --            ; --          ; Top            ;
; PARTITION_FITTER_PRESERVATION_LEVEL ; PLACEMENT_AND_ROUTING           ; --            ; --          ; Top            ;
; PARTITION_NETLIST_TYPE              ; SOURCE                          ; --            ; --          ; Top            ;
; PROJECT_OUTPUT_DIRECTORY            ; output_files                    ; --            ; --          ; --             ;
+-------------------------------------+---------------------------------+---------------+-------------+----------------+


+-------------------------------------------------------------------------------------------------------------------------------+
; Flow Elapsed Time                                                                                                             ;
+---------------------------+--------------+-------------------------+---------------------+------------------------------------+
; Module Name               ; Elapsed Time ; Average Processors Used ; Peak Virtual Memory ; Total CPU Time (on all processors) ;
+---------------------------+--------------+-------------------------+---------------------+------------------------------------+
; Analysis & Synthesis      ; 00:00:03     ; 1.0                     ; 613 MB              ; 00:00:02                           ;
; Fitter                    ; 00:00:21     ; 1.5                     ; 1451 MB             ; 00:00:21                           ;
; Assembler                 ; 00:00:05     ; 1.0                     ; 501 MB              ; 00:00:04                           ;
; TimeQuest Timing Analyzer ; 00:00:02     ; 1.0                     ; 631 MB              ; 00:00:02                           ;
; EDA Netlist Writer        ; 00:00:01     ; 1.0                     ; 449 MB              ; 00:00:01                           ;
; EDA Netlist Writer        ; 00:00:01     ; 1.0                     ; 454 MB              ; 00:00:01                           ;
; EDA Netlist Writer        ; 00:00:01     ; 1.0                     ; 454 MB              ; 00:00:01                           ;
; EDA Netlist Writer        ; 00:00:00     ; 1.0                     ; 454 MB              ; 00:00:01                           ;
; EDA Netlist Writer        ; 00:00:01     ; 1.0                     ; 454 MB              ; 00:00:01                           ;
; EDA Netlist Writer        ; 00:00:00     ; 1.0                     ; 454 MB              ; 00:00:01                           ;
; EDA Netlist Writer        ; 00:00:01     ; 1.0                     ; 470 MB              ; 00:00:01                           ;
; EDA Netlist Writer        ; 00:00:01     ; 1.0                     ; 454 MB              ; 00:00:01                           ;
; EDA Netlist Writer        ; 00:00:00     ; 1.0                     ; 454 MB              ; 00:00:01                           ;
; EDA Netlist Writer        ; 00:00:01     ; 1.0                     ; 454 MB              ; 00:00:01                           ;
; EDA Netlist Writer        ; 00:00:00     ; 1.0                     ; 454 MB              ; 00:00:01                           ;
; EDA Netlist Writer        ; 00:00:01     ; 1.0                     ; 454 MB              ; 00:00:01                           ;
; EDA Netlist Writer        ; 00:00:01     ; 1.0                     ; 470 MB              ; 00:00:01                           ;
; Total                     ; 00:00:40     ; --                      ; --                  ; 00:00:42                           ;
+---------------------------+--------------+-------------------------+---------------------+------------------------------------+


+----------------------------------------------------------------------------------------+
; Flow OS Summary                                                                        ;
+---------------------------+------------------+-----------+------------+----------------+
; Module Name               ; Machine Hostname ; OS Name   ; OS Version ; Processor type ;
+---------------------------+------------------+-----------+------------+----------------+
; Analysis & Synthesis      ; FR-ECE-30181     ; Windows 7 ; 6.1        ; x86_64         ;
; Fitter                    ; FR-ECE-30181     ; Windows 7 ; 6.1        ; x86_64         ;
; Assembler                 ; FR-ECE-30181     ; Windows 7 ; 6.1        ; x86_64         ;
; TimeQuest Timing Analyzer ; FR-ECE-30181     ; Windows 7 ; 6.1        ; x86_64         ;
; EDA Netlist Writer        ; FR-ECE-30181     ; Windows 7 ; 6.1        ; x86_64         ;
; EDA Netlist Writer        ; FR-ECE-30181     ; Windows 7 ; 6.1        ; x86_64         ;
; EDA Netlist Writer        ; FR-ECE-30181     ; Windows 7 ; 6.1        ; x86_64         ;
; EDA Netlist Writer        ; FR-ECE-30181     ; Windows 7 ; 6.1        ; x86_64         ;
; EDA Netlist Writer        ; FR-ECE-30181     ; Windows 7 ; 6.1        ; x86_64         ;
; EDA Netlist Writer        ; FR-ECE-30181     ; Windows 7 ; 6.1        ; x86_64         ;
; EDA Netlist Writer        ; FR-ECE-30181     ; Windows 7 ; 6.1        ; x86_64         ;
; EDA Netlist Writer        ; FR-ECE-30181     ; Windows 7 ; 6.1        ; x86_64         ;
; EDA Netlist Writer        ; FR-ECE-30181     ; Windows 7 ; 6.1        ; x86_64         ;
; EDA Netlist Writer        ; FR-ECE-30181     ; Windows 7 ; 6.1        ; x86_64         ;
; EDA Netlist Writer        ; FR-ECE-30181     ; Windows 7 ; 6.1        ; x86_64         ;
; EDA Netlist Writer        ; FR-ECE-30181     ; Windows 7 ; 6.1        ; x86_64         ;
; EDA Netlist Writer        ; FR-ECE-30181     ; Windows 7 ; 6.1        ; x86_64         ;
+---------------------------+------------------+-----------+------------+----------------+


------------
; Flow Log ;
------------
quartus_map --read_settings_files=on --write_settings_files=off TagMemory -c TagMemory
quartus_fit --read_settings_files=off --write_settings_files=off TagMemory -c TagMemory
quartus_asm --read_settings_files=off --write_settings_files=off TagMemory -c TagMemory
quartus_sta TagMemory -c TagMemory
quartus_eda --read_settings_files=off --write_settings_files=off TagMemory -c TagMemory
quartus_eda --gen_testbench --check_outputs=on --tool=modelsim_oem --format=verilog TagMemory -c TagMemory --vector_source=C:/Users/dorozco/Desktop/testTagMemory/TagMemorySim.vwf --testbench_file=C:/Users/dorozco/Desktop/testTagMemory/simulation/qsim/TagMemorySim.vwf.vt
quartus_eda --functional=on --flatten_buses=off --simulation=on --tool=modelsim_oem --format=verilog --output_directory=C:/Users/dorozco/Desktop/testTagMemory/simulation/qsim/ TagMemory -c TagMemory
quartus_eda --gen_testbench --check_outputs=on --tool=modelsim_oem --format=verilog TagMemory -c TagMemory --vector_source=C:/Users/dorozco/Desktop/testTagMemory/TagMemorySim.vwf --testbench_file=C:/Users/dorozco/Desktop/testTagMemory/simulation/qsim/TagMemorySim.vwf.vt
quartus_eda --functional=on --flatten_buses=off --simulation=on --tool=modelsim_oem --format=verilog --output_directory=C:/Users/dorozco/Desktop/testTagMemory/simulation/qsim/ TagMemory -c TagMemory
quartus_eda --gen_testbench --check_outputs=on --tool=modelsim_oem --format=verilog TagMemory -c TagMemory --vector_source=C:/Users/dorozco/Desktop/testTagMemory/TagMemorySim.vwf --testbench_file=C:/Users/dorozco/Desktop/testTagMemory/simulation/qsim/TagMemorySim.vwf.vt
quartus_eda --functional=off --flatten_buses=off --timescale=1ps --simulation=on --tool=modelsim_oem --format=verilog --output_directory=C:/Users/dorozco/Desktop/testTagMemory/simulation/qsim/ TagMemory -c TagMemory
quartus_eda --gen_testbench --check_outputs=on --tool=modelsim_oem --format=verilog TagMemory -c TagMemory --vector_source=C:/Users/dorozco/Desktop/testTagMemory/TagMemorySim.vwf --testbench_file=C:/Users/dorozco/Desktop/testTagMemory/simulation/qsim/TagMemorySim.vwf.vt
quartus_eda --functional=on --flatten_buses=off --simulation=on --tool=modelsim_oem --format=verilog --output_directory=C:/Users/dorozco/Desktop/testTagMemory/simulation/qsim/ TagMemory -c TagMemory
quartus_eda --gen_testbench --check_outputs=on --tool=modelsim_oem --format=verilog TagMemory -c TagMemory --vector_source=C:/Users/dorozco/Desktop/testTagMemory/TagMemorySim.vwf --testbench_file=C:/Users/dorozco/Desktop/testTagMemory/simulation/qsim/TagMemorySim.vwf.vt
quartus_eda --functional=on --flatten_buses=off --simulation=on --tool=modelsim_oem --format=verilog --output_directory=C:/Users/dorozco/Desktop/testTagMemory/simulation/qsim/ TagMemory -c TagMemory
quartus_eda --gen_testbench --check_outputs=on --tool=modelsim_oem --format=verilog TagMemory -c TagMemory --vector_source=C:/Users/dorozco/Desktop/testTagMemory/TagMemorySim.vwf --testbench_file=C:/Users/dorozco/Desktop/testTagMemory/simulation/qsim/TagMemorySim.vwf.vt
quartus_eda --functional=off --flatten_buses=off --timescale=1ps --simulation=on --tool=modelsim_oem --format=verilog --output_directory=C:/Users/dorozco/Desktop/testTagMemory/simulation/qsim/ TagMemory -c TagMemory



